d:\vs studio projects\before crisis\before crisis\before crisis\x64\release\vc143.pdb
d:\vs studio projects\before crisis\before crisis\before crisis\x64\release\uimanager.obj
d:\vs studio projects\before crisis\before crisis\before crisis\x64\release\monster.obj
d:\vs studio projects\before crisis\before crisis\before crisis\x64\release\missionmanager.obj
d:\vs studio projects\before crisis\before crisis\before crisis\x64\release\menustate.obj
d:\vs studio projects\before crisis\before crisis\before crisis\x64\release\main.obj
d:\vs studio projects\before crisis\before crisis\before crisis\x64\release\level.obj
d:\vs studio projects\before crisis\before crisis\before crisis\x64\release\gameutils.obj
d:\vs studio projects\before crisis\before crisis\before crisis\x64\release\gameplaystate.obj
d:\vs studio projects\before crisis\before crisis\before crisis\x64\release\gamemanager.obj
d:\vs studio projects\before crisis\before crisis\before crisis\x64\release\dialoguemanager.obj
d:\vs studio projects\before crisis\before crisis\before crisis\x64\release\combatstate.obj
d:\vs studio projects\before crisis\before crisis\before crisis\x64\release\combatmanager.obj
d:\vs studio projects\before crisis\before crisis\before crisis\x64\release\charactermanager.obj
d:\vs studio projects\before crisis\before crisis\before crisis\x64\release\before crisis.tlog\cl.command.1.tlog
d:\vs studio projects\before crisis\before crisis\before crisis\x64\release\before crisis.tlog\cl.read.1.tlog
d:\vs studio projects\before crisis\before crisis\before crisis\x64\release\before crisis.tlog\cl.write.1.tlog
d:\vs studio projects\before crisis\before crisis\before crisis\x64\release\before crisis.tlog\link.command.1.tlog
d:\vs studio projects\before crisis\before crisis\before crisis\x64\release\before crisis.tlog\link.read.1.tlog
d:\vs studio projects\before crisis\before crisis\before crisis\x64\release\before crisis.tlog\link.write.1.tlog
