  CombatState.cpp
D:\VS STUDIO PROJECTS\Before Crisis\Before Crisis\SFML\include\SFML\System\Exception.hpp(41,47): warning C4275: non dll-interface class 'std::runtime_error' used as base for dll-interface class 'sf::Exception'
  (compiling source file 'CombatState.cpp')
      D:\Visual studio\VC\Tools\MSVC\14.43.34808\include\stdexcept(100,19):
      see declaration of 'std::runtime_error'
      D:\VS STUDIO PROJECTS\Before Crisis\Before Crisis\SFML\include\SFML\System\Exception.hpp(41,23):
      see declaration of 'sf::Exception'
  
  GameManager.cpp
D:\VS STUDIO PROJECTS\Before Crisis\Before Crisis\SFML\include\SFML\System\Exception.hpp(41,47): warning C4275: non dll-interface class 'std::runtime_error' used as base for dll-interface class 'sf::Exception'
  (compiling source file 'GameManager.cpp')
      D:\Visual studio\VC\Tools\MSVC\14.43.34808\include\stdexcept(100,19):
      see declaration of 'std::runtime_error'
      D:\VS STUDIO PROJECTS\Before Crisis\Before Crisis\SFML\include\SFML\System\Exception.hpp(41,23):
      see declaration of 'sf::Exception'
  
  GameplayState.cpp
D:\VS STUDIO PROJECTS\Before Crisis\Before Crisis\SFML\include\SFML\System\Exception.hpp(41,47): warning C4275: non dll-interface class 'std::runtime_error' used as base for dll-interface class 'sf::Exception'
  (compiling source file 'GameplayState.cpp')
      D:\Visual studio\VC\Tools\MSVC\14.43.34808\include\stdexcept(100,19):
      see declaration of 'std::runtime_error'
      D:\VS STUDIO PROJECTS\Before Crisis\Before Crisis\SFML\include\SFML\System\Exception.hpp(41,23):
      see declaration of 'sf::Exception'
  
  main.cpp
D:\VS STUDIO PROJECTS\Before Crisis\Before Crisis\SFML\include\SFML\System\Exception.hpp(41,47): warning C4275: non dll-interface class 'std::runtime_error' used as base for dll-interface class 'sf::Exception'
  (compiling source file 'main.cpp')
      D:\Visual studio\VC\Tools\MSVC\14.43.34808\include\stdexcept(100,19):
      see declaration of 'std::runtime_error'
      D:\VS STUDIO PROJECTS\Before Crisis\Before Crisis\SFML\include\SFML\System\Exception.hpp(41,23):
      see declaration of 'sf::Exception'
  
  MenuState.cpp
D:\VS STUDIO PROJECTS\Before Crisis\Before Crisis\SFML\include\SFML\System\Exception.hpp(41,47): warning C4275: non dll-interface class 'std::runtime_error' used as base for dll-interface class 'sf::Exception'
  (compiling source file 'MenuState.cpp')
      D:\Visual studio\VC\Tools\MSVC\14.43.34808\include\stdexcept(100,19):
      see declaration of 'std::runtime_error'
      D:\VS STUDIO PROJECTS\Before Crisis\Before Crisis\SFML\include\SFML\System\Exception.hpp(41,23):
      see declaration of 'sf::Exception'
  
  StateStack.cpp
D:\VS STUDIO PROJECTS\Before Crisis\Before Crisis\SFML\include\SFML\System\Exception.hpp(41,47): warning C4275: non dll-interface class 'std::runtime_error' used as base for dll-interface class 'sf::Exception'
  (compiling source file 'StateStack.cpp')
      D:\Visual studio\VC\Tools\MSVC\14.43.34808\include\stdexcept(100,19):
      see declaration of 'std::runtime_error'
      D:\VS STUDIO PROJECTS\Before Crisis\Before Crisis\SFML\include\SFML\System\Exception.hpp(41,23):
      see declaration of 'sf::Exception'
  
  Generating Code...
Button.obj : error LNK2019: unresolved external symbol "__declspec(dllimport) public: void __cdecl sf::Transformable::setPosition(class sf::Vector2<float>)" (__imp_?setPosition@Transformable@sf@@QEAAXV?$Vector2@M@2@@Z) referenced in function "public: __cdecl Button::Button(class std::basic_string<char,struct std::char_traits<char>,class std::allocator<char> > const &,class sf::Font &,class sf::Vector2<float>,class std::function<void __cdecl(void)>)" (??0Button@@QEAA@AEBV?$basic_string@DU?$char_traits@D@std@@V?$allocator@D@2@@std@@AEAVFont@sf@@V?$Vector2@M@4@V?$function@$$A6AXXZ@2@@Z)
MenuState.obj : error LNK2001: unresolved external symbol "__declspec(dllimport) public: void __cdecl sf::Transformable::setPosition(class sf::Vector2<float>)" (__imp_?setPosition@Transformable@sf@@QEAAXV?$Vector2@M@2@@Z)
Renderer.obj : error LNK2001: unresolved external symbol "__declspec(dllimport) public: void __cdecl sf::Transformable::setPosition(class sf::Vector2<float>)" (__imp_?setPosition@Transformable@sf@@QEAAXV?$Vector2@M@2@@Z)
Button.obj : error LNK2019: unresolved external symbol "__declspec(dllimport) public: void __cdecl sf::Transformable::setOrigin(class sf::Vector2<float>)" (__imp_?setOrigin@Transformable@sf@@QEAAXV?$Vector2@M@2@@Z) referenced in function "public: __cdecl Button::Button(class std::basic_string<char,struct std::char_traits<char>,class std::allocator<char> > const &,class sf::Font &,class sf::Vector2<float>,class std::function<void __cdecl(void)>)" (??0Button@@QEAA@AEBV?$basic_string@DU?$char_traits@D@std@@V?$allocator@D@2@@std@@AEAVFont@sf@@V?$Vector2@M@4@V?$function@$$A6AXXZ@2@@Z)
MenuState.obj : error LNK2001: unresolved external symbol "__declspec(dllimport) public: void __cdecl sf::Transformable::setOrigin(class sf::Vector2<float>)" (__imp_?setOrigin@Transformable@sf@@QEAAXV?$Vector2@M@2@@Z)
Button.obj : error LNK2019: unresolved external symbol "__declspec(dllimport) public: void __cdecl sf::Shape::setFillColor(class sf::Color)" (__imp_?setFillColor@Shape@sf@@QEAAXVColor@2@@Z) referenced in function "public: __cdecl Button::Button(class std::basic_string<char,struct std::char_traits<char>,class std::allocator<char> > const &,class sf::Font &,class sf::Vector2<float>,class std::function<void __cdecl(void)>)" (??0Button@@QEAA@AEBV?$basic_string@DU?$char_traits@D@std@@V?$allocator@D@2@@std@@AEAVFont@sf@@V?$Vector2@M@4@V?$function@$$A6AXXZ@2@@Z)
Button.obj : error LNK2019: unresolved external symbol "__declspec(dllimport) public: void __cdecl sf::Shape::setOutlineColor(class sf::Color)" (__imp_?setOutlineColor@Shape@sf@@QEAAXVColor@2@@Z) referenced in function "public: __cdecl Button::Button(class std::basic_string<char,struct std::char_traits<char>,class std::allocator<char> > const &,class sf::Font &,class sf::Vector2<float>,class std::function<void __cdecl(void)>)" (??0Button@@QEAA@AEBV?$basic_string@DU?$char_traits@D@std@@V?$allocator@D@2@@std@@AEAVFont@sf@@V?$Vector2@M@4@V?$function@$$A6AXXZ@2@@Z)
Button.obj : error LNK2019: unresolved external symbol "__declspec(dllimport) public: void __cdecl sf::Shape::setOutlineThickness(float)" (__imp_?setOutlineThickness@Shape@sf@@QEAAXM@Z) referenced in function "public: __cdecl Button::Button(class std::basic_string<char,struct std::char_traits<char>,class std::allocator<char> > const &,class sf::Font &,class sf::Vector2<float>,class std::function<void __cdecl(void)>)" (??0Button@@QEAA@AEBV?$basic_string@DU?$char_traits@D@std@@V?$allocator@D@2@@std@@AEAVFont@sf@@V?$Vector2@M@4@V?$function@$$A6AXXZ@2@@Z)
Button.obj : error LNK2019: unresolved external symbol "__declspec(dllimport) public: class sf::Rect<float> __cdecl sf::Shape::getGlobalBounds(void)const " (__imp_?getGlobalBounds@Shape@sf@@QEBA?AV?$Rect@M@2@XZ) referenced in function "public: void __cdecl Button::handleInput(class sf::Event const &)" (?handleInput@Button@@QEAAXAEBVEvent@sf@@@Z)
Button.obj : error LNK2019: unresolved external symbol "__declspec(dllimport) public: __cdecl sf::RectangleShape::RectangleShape(class sf::Vector2<float>)" (__imp_??0RectangleShape@sf@@QEAA@V?$Vector2@M@1@@Z) referenced in function "public: __cdecl Button::Button(class std::basic_string<char,struct std::char_traits<char>,class std::allocator<char> > const &,class sf::Font &,class sf::Vector2<float>,class std::function<void __cdecl(void)>)" (??0Button@@QEAA@AEBV?$basic_string@DU?$char_traits@D@std@@V?$allocator@D@2@@std@@AEAVFont@sf@@V?$Vector2@M@4@V?$function@$$A6AXXZ@2@@Z)
Button.obj : error LNK2019: unresolved external symbol "__declspec(dllimport) public: void __cdecl sf::RectangleShape::setSize(class sf::Vector2<float>)" (__imp_?setSize@RectangleShape@sf@@QEAAXV?$Vector2@M@2@@Z) referenced in function "public: __cdecl Button::Button(class std::basic_string<char,struct std::char_traits<char>,class std::allocator<char> > const &,class sf::Font &,class sf::Vector2<float>,class std::function<void __cdecl(void)>)" (??0Button@@QEAA@AEBV?$basic_string@DU?$char_traits@D@std@@V?$allocator@D@2@@std@@AEAVFont@sf@@V?$Vector2@M@4@V?$function@$$A6AXXZ@2@@Z)
Button.obj : error LNK2019: unresolved external symbol "__declspec(dllimport) public: class sf::Vector2<float> __cdecl sf::RectangleShape::getSize(void)const " (__imp_?getSize@RectangleShape@sf@@QEBA?AV?$Vector2@M@2@XZ) referenced in function "public: __cdecl Button::Button(class std::basic_string<char,struct std::char_traits<char>,class std::allocator<char> > const &,class sf::Font &,class sf::Vector2<float>,class std::function<void __cdecl(void)>)" (??0Button@@QEAA@AEBV?$basic_string@DU?$char_traits@D@std@@V?$allocator@D@2@@std@@AEAVFont@sf@@V?$Vector2@M@4@V?$function@$$A6AXXZ@2@@Z)
MenuState.obj : error LNK2001: unresolved external symbol "__declspec(dllimport) public: class sf::Vector2<float> __cdecl sf::RectangleShape::getSize(void)const " (__imp_?getSize@RectangleShape@sf@@QEBA?AV?$Vector2@M@2@XZ)
Button.obj : error LNK2019: unresolved external symbol "__declspec(dllimport) public: virtual __cdecl sf::RectangleShape::~RectangleShape(void)" (__imp_??1RectangleShape@sf@@UEAA@XZ) referenced in function "int `public: __cdecl Button::Button(class std::basic_string<char,struct std::char_traits<char>,class std::allocator<char> > const &,class sf::Font &,class Font::Vector2<float>,class basic_string<char,struct std::char_traits<char>,class std::allocator<char> >::function<void __cdecl(void)>)'::`1'::dtor$1" (?dtor$1@?0???0Button@@QEAA@AEBV?$basic_string@DU?$char_traits@D@std@@V?$allocator@D@2@@std@@AEAVFont@sf@@V?$Vector2@M@4@V?$function@$$A6AXXZ@2@@Z@4HA)
MenuState.obj : error LNK2001: unresolved external symbol "__declspec(dllimport) public: virtual __cdecl sf::RectangleShape::~RectangleShape(void)" (__imp_??1RectangleShape@sf@@UEAA@XZ)
Renderer.obj : error LNK2001: unresolved external symbol "__declspec(dllimport) public: virtual __cdecl sf::RectangleShape::~RectangleShape(void)" (__imp_??1RectangleShape@sf@@UEAA@XZ)
Button.obj : error LNK2019: unresolved external symbol "__declspec(dllimport) public: __cdecl sf::String::String(char const *,class std::locale const &)" (__imp_??0String@sf@@QEAA@PEBDAEBVlocale@std@@@Z) referenced in function "public: __cdecl Button::Button(class std::basic_string<char,struct std::char_traits<char>,class std::allocator<char> > const &,class sf::Font &,class sf::Vector2<float>,class std::function<void __cdecl(void)>)" (??0Button@@QEAA@AEBV?$basic_string@DU?$char_traits@D@std@@V?$allocator@D@2@@std@@AEAVFont@sf@@V?$Vector2@M@4@V?$function@$$A6AXXZ@2@@Z)
MenuState.obj : error LNK2001: unresolved external symbol "__declspec(dllimport) public: __cdecl sf::String::String(char const *,class std::locale const &)" (__imp_??0String@sf@@QEAA@PEBDAEBVlocale@std@@@Z)
Button.obj : error LNK2019: unresolved external symbol "__declspec(dllimport) public: __cdecl sf::String::String(class std::basic_string<char,struct std::char_traits<char>,class std::allocator<char> > const &,class std::locale const &)" (__imp_??0String@sf@@QEAA@AEBV?$basic_string@DU?$char_traits@D@std@@V?$allocator@D@2@@std@@AEBVlocale@3@@Z) referenced in function "public: __cdecl Button::Button(class std::basic_string<char,struct std::char_traits<char>,class std::allocator<char> > const &,class sf::Font &,class sf::Vector2<float>,class std::function<void __cdecl(void)>)" (??0Button@@QEAA@AEBV?$basic_string@DU?$char_traits@D@std@@V?$allocator@D@2@@std@@AEAVFont@sf@@V?$Vector2@M@4@V?$function@$$A6AXXZ@2@@Z)
Renderer.obj : error LNK2001: unresolved external symbol "__declspec(dllimport) public: __cdecl sf::String::String(class std::basic_string<char,struct std::char_traits<char>,class std::allocator<char> > const &,class std::locale const &)" (__imp_??0String@sf@@QEAA@AEBV?$basic_string@DU?$char_traits@D@std@@V?$allocator@D@2@@std@@AEBVlocale@3@@Z)
Button.obj : error LNK2019: unresolved external symbol "__declspec(dllimport) public: __cdecl sf::String::~String(void)" (__imp_??1String@sf@@QEAA@XZ) referenced in function "public: __cdecl Button::Button(class std::basic_string<char,struct std::char_traits<char>,class std::allocator<char> > const &,class sf::Font &,class sf::Vector2<float>,class std::function<void __cdecl(void)>)" (??0Button@@QEAA@AEBV?$basic_string@DU?$char_traits@D@std@@V?$allocator@D@2@@std@@AEAVFont@sf@@V?$Vector2@M@4@V?$function@$$A6AXXZ@2@@Z)
Renderer.obj : error LNK2001: unresolved external symbol "__declspec(dllimport) public: __cdecl sf::String::~String(void)" (__imp_??1String@sf@@QEAA@XZ)
Button.obj : error LNK2019: unresolved external symbol "__declspec(dllimport) class sf::Vector2<int> __cdecl sf::Mouse::getPosition(void)" (__imp_?getPosition@Mouse@sf@@YA?AV?$Vector2@H@2@XZ) referenced in function "public: void __cdecl Button::handleInput(class sf::Event const &)" (?handleInput@Button@@QEAAXAEBVEvent@sf@@@Z)
Button.obj : error LNK2019: unresolved external symbol "__declspec(dllimport) public: __cdecl sf::Text::Text(class sf::Font const &,class sf::String,unsigned int)" (__imp_??0Text@sf@@QEAA@AEBVFont@1@VString@1@I@Z) referenced in function "public: __cdecl Button::Button(class std::basic_string<char,struct std::char_traits<char>,class std::allocator<char> > const &,class sf::Font &,class sf::Vector2<float>,class std::function<void __cdecl(void)>)" (??0Button@@QEAA@AEBV?$basic_string@DU?$char_traits@D@std@@V?$allocator@D@2@@std@@AEAVFont@sf@@V?$Vector2@M@4@V?$function@$$A6AXXZ@2@@Z)
MenuState.obj : error LNK2001: unresolved external symbol "__declspec(dllimport) public: __cdecl sf::Text::Text(class sf::Font const &,class sf::String,unsigned int)" (__imp_??0Text@sf@@QEAA@AEBVFont@1@VString@1@I@Z)
Renderer.obj : error LNK2001: unresolved external symbol "__declspec(dllimport) public: __cdecl sf::Text::Text(class sf::Font const &,class sf::String,unsigned int)" (__imp_??0Text@sf@@QEAA@AEBVFont@1@VString@1@I@Z)
Button.obj : error LNK2019: unresolved external symbol "__declspec(dllimport) public: void __cdecl sf::Text::setString(class sf::String const &)" (__imp_?setString@Text@sf@@QEAAXAEBVString@2@@Z) referenced in function "public: __cdecl Button::Button(class std::basic_string<char,struct std::char_traits<char>,class std::allocator<char> > const &,class sf::Font &,class sf::Vector2<float>,class std::function<void __cdecl(void)>)" (??0Button@@QEAA@AEBV?$basic_string@DU?$char_traits@D@std@@V?$allocator@D@2@@std@@AEAVFont@sf@@V?$Vector2@M@4@V?$function@$$A6AXXZ@2@@Z)
Button.obj : error LNK2019: unresolved external symbol "__declspec(dllimport) public: void __cdecl sf::Text::setCharacterSize(unsigned int)" (__imp_?setCharacterSize@Text@sf@@QEAAXI@Z) referenced in function "public: __cdecl Button::Button(class std::basic_string<char,struct std::char_traits<char>,class std::allocator<char> > const &,class sf::Font &,class sf::Vector2<float>,class std::function<void __cdecl(void)>)" (??0Button@@QEAA@AEBV?$basic_string@DU?$char_traits@D@std@@V?$allocator@D@2@@std@@AEAVFont@sf@@V?$Vector2@M@4@V?$function@$$A6AXXZ@2@@Z)
Button.obj : error LNK2019: unresolved external symbol "__declspec(dllimport) public: void __cdecl sf::Text::setFillColor(class sf::Color)" (__imp_?setFillColor@Text@sf@@QEAAXVColor@2@@Z) referenced in function "public: __cdecl Button::Button(class std::basic_string<char,struct std::char_traits<char>,class std::allocator<char> > const &,class sf::Font &,class sf::Vector2<float>,class std::function<void __cdecl(void)>)" (??0Button@@QEAA@AEBV?$basic_string@DU?$char_traits@D@std@@V?$allocator@D@2@@std@@AEAVFont@sf@@V?$Vector2@M@4@V?$function@$$A6AXXZ@2@@Z)
Renderer.obj : error LNK2001: unresolved external symbol "__declspec(dllimport) public: void __cdecl sf::Text::setFillColor(class sf::Color)" (__imp_?setFillColor@Text@sf@@QEAAXVColor@2@@Z)
Button.obj : error LNK2019: unresolved external symbol "__declspec(dllimport) public: class sf::Rect<float> __cdecl sf::Text::getLocalBounds(void)const " (__imp_?getLocalBounds@Text@sf@@QEBA?AV?$Rect@M@2@XZ) referenced in function "public: __cdecl Button::Button(class std::basic_string<char,struct std::char_traits<char>,class std::allocator<char> > const &,class sf::Font &,class sf::Vector2<float>,class std::function<void __cdecl(void)>)" (??0Button@@QEAA@AEBV?$basic_string@DU?$char_traits@D@std@@V?$allocator@D@2@@std@@AEAVFont@sf@@V?$Vector2@M@4@V?$function@$$A6AXXZ@2@@Z)
MenuState.obj : error LNK2001: unresolved external symbol "__declspec(dllimport) public: class sf::Rect<float> __cdecl sf::Text::getLocalBounds(void)const " (__imp_?getLocalBounds@Text@sf@@QEBA?AV?$Rect@M@2@XZ)
Button.obj : error LNK2019: unresolved external symbol "__declspec(dllimport) public: virtual __cdecl sf::Text::~Text(void)" (__imp_??1Text@sf@@UEAA@XZ) referenced in function "int `public: __cdecl Button::Button(class std::basic_string<char,struct std::char_traits<char>,class std::allocator<char> > const &,class sf::Font &,class Font::Vector2<float>,class basic_string<char,struct std::char_traits<char>,class std::allocator<char> >::function<void __cdecl(void)>)'::`1'::dtor$4" (?dtor$4@?0???0Button@@QEAA@AEBV?$basic_string@DU?$char_traits@D@std@@V?$allocator@D@2@@std@@AEAVFont@sf@@V?$Vector2@M@4@V?$function@$$A6AXXZ@2@@Z@4HA)
MenuState.obj : error LNK2001: unresolved external symbol "__declspec(dllimport) public: virtual __cdecl sf::Text::~Text(void)" (__imp_??1Text@sf@@UEAA@XZ)
Renderer.obj : error LNK2001: unresolved external symbol "__declspec(dllimport) public: virtual __cdecl sf::Text::~Text(void)" (__imp_??1Text@sf@@UEAA@XZ)
Button.obj : error LNK2019: unresolved external symbol "__declspec(dllimport) public: __cdecl sf::Sound::Sound(class sf::SoundBuffer const &)" (__imp_??0Sound@sf@@QEAA@AEBVSoundBuffer@1@@Z) referenced in function "void __cdecl `dynamic initializer for 'public: static class sf::Sound Button::hoverSound''(void)" (??__E?hoverSound@Button@@2VSound@sf@@A@@YAXXZ)
Button.obj : error LNK2019: unresolved external symbol "__declspec(dllimport) public: virtual __cdecl sf::Sound::~Sound(void)" (__imp_??1Sound@sf@@UEAA@XZ) referenced in function "void __cdecl `dynamic atexit destructor for 'public: static class sf::Sound Button::hoverSound''(void)" (??__F?hoverSound@Button@@2VSound@sf@@A@@YAXXZ)
Button.obj : error LNK2019: unresolved external symbol "__declspec(dllimport) public: __cdecl sf::SoundBuffer::SoundBuffer(class std::filesystem::path const &)" (__imp_??0SoundBuffer@sf@@QEAA@AEBVpath@filesystem@std@@@Z) referenced in function "void __cdecl `dynamic initializer for 'public: static class sf::SoundBuffer Button::soundBuffer''(void)" (??__E?soundBuffer@Button@@2VSoundBuffer@sf@@A@@YAXXZ)
Button.obj : error LNK2019: unresolved external symbol "__declspec(dllimport) public: __cdecl sf::SoundBuffer::~SoundBuffer(void)" (__imp_??1SoundBuffer@sf@@QEAA@XZ) referenced in function "void __cdecl `dynamic atexit destructor for 'public: static class sf::SoundBuffer Button::soundBuffer''(void)" (??__F?soundBuffer@Button@@2VSoundBuffer@sf@@A@@YAXXZ)
GameManager.obj : error LNK2019: unresolved external symbol "__declspec(dllimport) public: __cdecl sf::Font::Font(class std::filesystem::path const &)" (__imp_??0Font@sf@@QEAA@AEBVpath@filesystem@std@@@Z) referenced in function "public: void __cdecl GameManager::Run(void)" (?Run@GameManager@@QEAAXXZ)
GameManager.obj : error LNK2019: unresolved external symbol "__declspec(dllimport) public: __cdecl sf::Font::~Font(void)" (__imp_??1Font@sf@@QEAA@XZ) referenced in function "public: void __cdecl GameManager::Run(void)" (?Run@GameManager@@QEAAXXZ)
MenuState.obj : error LNK2001: unresolved external symbol "__declspec(dllimport) public: __cdecl sf::Font::~Font(void)" (__imp_??1Font@sf@@QEAA@XZ)
Renderer.obj : error LNK2001: unresolved external symbol "__declspec(dllimport) public: __cdecl sf::Font::~Font(void)" (__imp_??1Font@sf@@QEAA@XZ)
GameManager.obj : error LNK2019: unresolved external symbol "__declspec(dllimport) public: class std::optional<class sf::Event> __cdecl sf::WindowBase::pollEvent(void)" (__imp_?pollEvent@WindowBase@sf@@QEAA?AV?$optional@VEvent@sf@@@std@@XZ) referenced in function "public: void __cdecl GameManager::Run(void)" (?Run@GameManager@@QEAAXXZ)
GameManager.obj : error LNK2019: unresolved external symbol "__declspec(dllimport) public: class sf::Time __cdecl sf::Clock::restart(void)" (__imp_?restart@Clock@sf@@QEAA?AVTime@2@XZ) referenced in function "public: void __cdecl GameManager::Run(void)" (?Run@GameManager@@QEAAXXZ)
GameManager.obj : error LNK2019: unresolved external symbol "__declspec(dllimport) public: __cdecl sf::Clock::Clock(void)" (__imp_??0Clock@sf@@QEAA@XZ) referenced in function "public: void __cdecl GameManager::Run(void)" (?Run@GameManager@@QEAAXXZ)
GameManager.obj : error LNK2019: unresolved external symbol "public: __cdecl DialogueManager::DialogueManager(void)" (??0DialogueManager@@QEAA@XZ) referenced in function "class std::unique_ptr<class DialogueManager,struct std::default_delete<class DialogueManager> > __cdecl std::make_unique<class DialogueManager,0>(void)" (??$make_unique@VDialogueManager@@$$V$0A@@std@@YA?AV?$unique_ptr@VDialogueManager@@U?$default_delete@VDialogueManager@@@std@@@0@XZ)
GameManager.obj : error LNK2001: unresolved external symbol "public: virtual void __cdecl CombatManager::StartCombat(class Character &,class Monster &)" (?StartCombat@CombatManager@@UEAAXAEAVCharacter@@AEAVMonster@@@Z)
MenuState.obj : error LNK2019: unresolved external symbol "__declspec(dllimport) public: class sf::Vector2<float> __cdecl sf::Transformable::getPosition(void)const " (__imp_?getPosition@Transformable@sf@@QEBA?AV?$Vector2@M@2@XZ) referenced in function "public: __cdecl MenuState::MenuState(class sf::Font &&,class std::shared_ptr<class Renderer>)" (??0MenuState@@QEAA@$$QEAVFont@sf@@V?$shared_ptr@VRenderer@@@std@@@Z)
MenuState.obj : error LNK2019: unresolved external symbol "__declspec(dllimport) public: __cdecl sf::Font::Font(class sf::Font const &)" (__imp_??0Font@sf@@QEAA@AEBV01@@Z) referenced in function "public: __cdecl MenuState::MenuState(class sf::Font &&,class std::shared_ptr<class Renderer>)" (??0MenuState@@QEAA@$$QEAVFont@sf@@V?$shared_ptr@VRenderer@@@std@@@Z)
MenuState.obj : error LNK2019: unresolved external symbol "__declspec(dllimport) public: __cdecl sf::RectangleShape::RectangleShape(class sf::RectangleShape const &)" (__imp_??0RectangleShape@sf@@QEAA@AEBV01@@Z) referenced in function "public: __cdecl Button::Button(class Button const &)" (??0Button@@QEAA@AEBV0@@Z)
Renderer.obj : error LNK2001: unresolved external symbol "__declspec(dllimport) public: __cdecl sf::RectangleShape::RectangleShape(class sf::RectangleShape const &)" (__imp_??0RectangleShape@sf@@QEAA@AEBV01@@Z)
MenuState.obj : error LNK2019: unresolved external symbol "__declspec(dllimport) public: __cdecl sf::RectangleShape::RectangleShape(class sf::RectangleShape &&)" (__imp_??0RectangleShape@sf@@QEAA@$$QEAV01@@Z) referenced in function "public: __cdecl Button::Button(class Button &&)" (??0Button@@QEAA@$$QEAV0@@Z)
MenuState.obj : error LNK2019: unresolved external symbol "__declspec(dllimport) public: __cdecl sf::Text::Text(class sf::Text const &)" (__imp_??0Text@sf@@QEAA@AEBV01@@Z) referenced in function "public: static void * __cdecl std::_Any_big_RTTI::_Copy_impl<class sf::Text>(void const * const)" (??$_Copy_impl@VText@sf@@@_Any_big_RTTI@std@@SAPEAXQEBX@Z)
Renderer.obj : error LNK2001: unresolved external symbol "__declspec(dllimport) public: __cdecl sf::Text::Text(class sf::Text const &)" (__imp_??0Text@sf@@QEAA@AEBV01@@Z)
MenuState.obj : error LNK2019: unresolved external symbol "__declspec(dllimport) public: __cdecl sf::Text::Text(class sf::Text &&)" (__imp_??0Text@sf@@QEAA@$$QEAV01@@Z) referenced in function "public: __cdecl Button::Button(class Button &&)" (??0Button@@QEAA@$$QEAV0@@Z)
MenuState.obj : error LNK2001: unresolved external symbol "private: virtual void __cdecl sf::Text::draw(class sf::RenderTarget &,struct sf::RenderStates)const " (?draw@Text@sf@@EEBAXAEAVRenderTarget@2@URenderStates@2@@Z)
Renderer.obj : error LNK2019: unresolved external symbol "__declspec(dllimport) public: __cdecl sf::VertexArray::VertexArray(void)" (__imp_??0VertexArray@sf@@QEAA@XZ) referenced in function "public: __cdecl Renderer::Renderer(unsigned int,unsigned int,class std::basic_string<char,struct std::char_traits<char>,class std::allocator<char> > const &)" (??0Renderer@@QEAA@IIAEBV?$basic_string@DU?$char_traits@D@std@@V?$allocator@D@2@@std@@@Z)
Renderer.obj : error LNK2019: unresolved external symbol "__declspec(dllimport) public: void __cdecl sf::VertexArray::setPrimitiveType(enum sf::PrimitiveType)" (__imp_?setPrimitiveType@VertexArray@sf@@QEAAXW4PrimitiveType@2@@Z) referenced in function "private: bool __cdecl Renderer::LoadResources(void)" (?LoadResources@Renderer@@AEAA_NXZ)
Renderer.obj : error LNK2019: unresolved external symbol "__declspec(dllimport) public: virtual __cdecl sf::VertexArray::~VertexArray(void)" (__imp_??1VertexArray@sf@@UEAA@XZ) referenced in function "int `public: __cdecl Renderer::Renderer(unsigned int,unsigned int,class std::basic_string<char,struct std::char_traits<char>,class std::allocator<char> > const &)'::`1'::dtor$4" (?dtor$4@?0???0Renderer@@QEAA@IIAEBV?$basic_string@DU?$char_traits@D@std@@V?$allocator@D@2@@std@@@Z@4HA)
Renderer.obj : error LNK2019: unresolved external symbol "__declspec(dllimport) public: __cdecl sf::Texture::Texture(void)" (__imp_??0Texture@sf@@QEAA@XZ) referenced in function "public: __cdecl Renderer::Renderer(unsigned int,unsigned int,class std::basic_string<char,struct std::char_traits<char>,class std::allocator<char> > const &)" (??0Renderer@@QEAA@IIAEBV?$basic_string@DU?$char_traits@D@std@@V?$allocator@D@2@@std@@@Z)
Renderer.obj : error LNK2019: unresolved external symbol "__declspec(dllimport) public: __cdecl sf::Texture::~Texture(void)" (__imp_??1Texture@sf@@QEAA@XZ) referenced in function "int `public: __cdecl Renderer::Renderer(unsigned int,unsigned int,class std::basic_string<char,struct std::char_traits<char>,class std::allocator<char> > const &)'::`1'::dtor$3" (?dtor$3@?0???0Renderer@@QEAA@IIAEBV?$basic_string@DU?$char_traits@D@std@@V?$allocator@D@2@@std@@@Z@4HA)
Renderer.obj : error LNK2019: unresolved external symbol "__declspec(dllimport) public: bool __cdecl sf::Texture::loadFromFile(class std::filesystem::path const &,bool,class sf::Rect<int> const &)" (__imp_?loadFromFile@Texture@sf@@QEAA_NAEBVpath@filesystem@std@@_NAEBV?$Rect@H@2@@Z) referenced in function "private: bool __cdecl Renderer::LoadResources(void)" (?LoadResources@Renderer@@AEAA_NXZ)
Renderer.obj : error LNK2019: unresolved external symbol "__declspec(dllimport) public: __cdecl sf::Font::Font(void)" (__imp_??0Font@sf@@QEAA@XZ) referenced in function "public: __cdecl Renderer::Renderer(unsigned int,unsigned int,class std::basic_string<char,struct std::char_traits<char>,class std::allocator<char> > const &)" (??0Renderer@@QEAA@IIAEBV?$basic_string@DU?$char_traits@D@std@@V?$allocator@D@2@@std@@@Z)
Renderer.obj : error LNK2019: unresolved external symbol "__declspec(dllimport) public: bool __cdecl sf::Font::openFromFile(class std::filesystem::path const &)" (__imp_?openFromFile@Font@sf@@QEAA_NAEBVpath@filesystem@std@@@Z) referenced in function "private: bool __cdecl Renderer::LoadResources(void)" (?LoadResources@Renderer@@AEAA_NXZ)
Renderer.obj : error LNK2019: unresolved external symbol "__declspec(dllimport) public: void __cdecl sf::RenderTarget::clear(class sf::Color)" (__imp_?clear@RenderTarget@sf@@QEAAXVColor@2@@Z) referenced in function "public: void __cdecl Renderer::Clear(void)" (?Clear@Renderer@@QEAAXXZ)
    Hint on symbols that are defined and could potentially match:
      "__declspec(dllimport) public: void __cdecl std::basic_ios<char,struct std::char_traits<char> >::clear(int,bool)" (__imp_?clear@?$basic_ios@DU?$char_traits@D@std@@@std@@QEAAXH_N@Z)
Renderer.obj : error LNK2019: unresolved external symbol "__declspec(dllimport) public: void __cdecl sf::RenderTarget::draw(class sf::Drawable const &,struct sf::RenderStates const &)" (__imp_?draw@RenderTarget@sf@@QEAAXAEBVDrawable@2@AEBURenderStates@2@@Z) referenced in function "public: void __cdecl Renderer::RenderButton(class Button const &)" (?RenderButton@Renderer@@QEAAXAEBVButton@@@Z)
Renderer.obj : error LNK2019: unresolved external symbol "__declspec(dllimport) public: __cdecl sf::VideoMode::VideoMode(class sf::Vector2<unsigned int>,unsigned int)" (__imp_??0VideoMode@sf@@QEAA@V?$Vector2@I@1@I@Z) referenced in function "public: __cdecl Renderer::Renderer(unsigned int,unsigned int,class std::basic_string<char,struct std::char_traits<char>,class std::allocator<char> > const &)" (??0Renderer@@QEAA@IIAEBV?$basic_string@DU?$char_traits@D@std@@V?$allocator@D@2@@std@@@Z)
Renderer.obj : error LNK2019: unresolved external symbol "__declspec(dllimport) public: void __cdecl sf::Window::setFramerateLimit(unsigned int)" (__imp_?setFramerateLimit@Window@sf@@QEAAXI@Z) referenced in function "public: __cdecl Renderer::Renderer(unsigned int,unsigned int,class std::basic_string<char,struct std::char_traits<char>,class std::allocator<char> > const &)" (??0Renderer@@QEAA@IIAEBV?$basic_string@DU?$char_traits@D@std@@V?$allocator@D@2@@std@@@Z)
Renderer.obj : error LNK2019: unresolved external symbol "__declspec(dllimport) public: void __cdecl sf::Window::display(void)" (__imp_?display@Window@sf@@QEAAXXZ) referenced in function "public: void __cdecl Renderer::Display(void)" (?Display@Renderer@@QEAAXXZ)
Renderer.obj : error LNK2019: unresolved external symbol "__declspec(dllimport) public: __cdecl sf::RenderWindow::RenderWindow(void)" (__imp_??0RenderWindow@sf@@QEAA@XZ) referenced in function "public: __cdecl Renderer::Renderer(unsigned int,unsigned int,class std::basic_string<char,struct std::char_traits<char>,class std::allocator<char> > const &)" (??0Renderer@@QEAA@IIAEBV?$basic_string@DU?$char_traits@D@std@@V?$allocator@D@2@@std@@@Z)
Renderer.obj : error LNK2019: unresolved external symbol "__declspec(dllimport) public: virtual __cdecl sf::RenderWindow::~RenderWindow(void)" (__imp_??1RenderWindow@sf@@UEAA@XZ) referenced in function "int `public: __cdecl Renderer::Renderer(unsigned int,unsigned int,class std::basic_string<char,struct std::char_traits<char>,class std::allocator<char> > const &)'::`1'::dtor$1" (?dtor$1@?0???0Renderer@@QEAA@IIAEBV?$basic_string@DU?$char_traits@D@std@@V?$allocator@D@2@@std@@@Z@4HA)
Renderer.obj : error LNK2019: unresolved external symbol "__declspec(dllimport) public: static struct sf::RenderStates const sf::RenderStates::Default" (__imp_?Default@RenderStates@sf@@2U12@B) referenced in function "public: void __cdecl Renderer::RenderButton(class Button const &)" (?RenderButton@Renderer@@QEAAXAEBVButton@@@Z)
..\SFML\lib\sfml-graphics-d.lib : warning LNK4272: library machine type 'x86' conflicts with target machine type 'x64'
..\SFML\lib\sfml-window-d.lib : warning LNK4272: library machine type 'x86' conflicts with target machine type 'x64'
..\SFML\lib\sfml-audio-d.lib : warning LNK4272: library machine type 'x86' conflicts with target machine type 'x64'
..\SFML\lib\sfml-network-d.lib : warning LNK4272: library machine type 'x86' conflicts with target machine type 'x64'
..\SFML\lib\sfml-system-d.lib : warning LNK4272: library machine type 'x86' conflicts with target machine type 'x64'
D:\VS STUDIO PROJECTS\Before Crisis\Before Crisis\x64\Debug\Before Crisis.exe : fatal error LNK1120: 54 unresolved externals
