d:\vs studio projects\beforecrisis\before crisis\before crisis\release\vc143.pdb
d:\vs studio projects\beforecrisis\before crisis\before crisis\release\upgradepanel.obj
d:\vs studio projects\beforecrisis\before crisis\before crisis\release\statestack.obj
d:\vs studio projects\beforecrisis\before crisis\before crisis\release\shoppanel.obj
d:\vs studio projects\beforecrisis\before crisis\before crisis\release\renderer.obj
d:\vs studio projects\beforecrisis\before crisis\before crisis\release\monster.obj
d:\vs studio projects\beforecrisis\before crisis\before crisis\release\missionmanager.obj
d:\vs studio projects\beforecrisis\before crisis\before crisis\release\menustate.obj
d:\vs studio projects\beforecrisis\before crisis\before crisis\release\main.obj
d:\vs studio projects\beforecrisis\before crisis\before crisis\release\inventorypanel.obj
d:\vs studio projects\beforecrisis\before crisis\before crisis\release\gameplaystate.obj
d:\vs studio projects\beforecrisis\before crisis\before crisis\release\gamemanager.obj
d:\vs studio projects\beforecrisis\before crisis\before crisis\release\explorationstate.obj
d:\vs studio projects\beforecrisis\before crisis\before crisis\release\dialoguemanager.obj
d:\vs studio projects\beforecrisis\before crisis\before crisis\release\contractspanel.obj
d:\vs studio projects\beforecrisis\before crisis\before crisis\release\combatstate.obj
d:\vs studio projects\beforecrisis\before crisis\before crisis\release\combatmanager.obj
d:\vs studio projects\beforecrisis\before crisis\before crisis\release\charactermanager.obj
d:\vs studio projects\beforecrisis\before crisis\before crisis\release\characterio.obj
d:\vs studio projects\beforecrisis\before crisis\before crisis\release\button.obj
d:\vs studio projects\beforecrisis\before crisis\before crisis\release\audiomanager.obj
d:\vs studio projects\beforecrisis\before crisis\before crisis\release\audioservice.h.ifc
d:\vs studio projects\beforecrisis\before crisis\before crisis\release\audioservice.h.ifc.d.json
d:\vs studio projects\beforecrisis\before crisis\before crisis\release\audioservice.h.obj
d:\vs studio projects\beforecrisis\before crisis\release\before crisis.exe
d:\vs studio projects\beforecrisis\before crisis\release\before crisis.pdb
d:\vs studio projects\beforecrisis\before crisis\before crisis\release\audioservice.h.module.json
d:\vs studio projects\beforecrisis\before crisis\before crisis\release\before crisis.ipdb
d:\vs studio projects\beforecrisis\before crisis\before crisis\release\before crisis.iobj
d:\vs studio projects\beforecrisis\before crisis\before crisis\release\before crisis.tlog\cl.command.1.tlog
d:\vs studio projects\beforecrisis\before crisis\before crisis\release\before crisis.tlog\cl.items.tlog
d:\vs studio projects\beforecrisis\before crisis\before crisis\release\before crisis.tlog\cl.read.1.tlog
d:\vs studio projects\beforecrisis\before crisis\before crisis\release\before crisis.tlog\cl.write.1.tlog
d:\vs studio projects\beforecrisis\before crisis\before crisis\release\before crisis.tlog\link.command.1.tlog
d:\vs studio projects\beforecrisis\before crisis\before crisis\release\before crisis.tlog\link.read.1.tlog
d:\vs studio projects\beforecrisis\before crisis\before crisis\release\before crisis.tlog\link.secondary.1.tlog
d:\vs studio projects\beforecrisis\before crisis\before crisis\release\before crisis.tlog\link.write.1.tlog
d:\vs studio projects\beforecrisis\before crisis\before crisis\release\before crisis_md.tlog\cl.command.1.tlog
d:\vs studio projects\beforecrisis\before crisis\before crisis\release\before crisis_md.tlog\microsoft.build.cpptasks.cl.read.1.tlog
d:\vs studio projects\beforecrisis\before crisis\before crisis\release\before crisis_md.tlog\microsoft.build.cpptasks.cl.write.1.tlog
